<?xml version="1.0" encoding="UTF-8"?>
<testng-results ignored="0" total="1" passed="1" failed="0" skipped="0">
  <reporter-output>
  </reporter-output>
  <suite started-at="2025-10-19T18:09:22 IST" name="Default suite" finished-at="2025-10-19T18:09:22 IST" duration-ms="90">
    <groups>
    </groups>
    <test started-at="2025-10-19T18:09:22 IST" name="Default test" finished-at="2025-10-19T18:09:22 IST" duration-ms="90">
      <class name="MyCvApplication.MyCvApplication">
        <test-method is-config="true" signature="setup_cv()[pri:0, instance:MyCvApplication.MyCvApplication@16b2bb0c]" started-at="2025-10-19T18:09:22 IST" name="setup_cv" finished-at="2025-10-19T18:09:22 IST" duration-ms="11" status="PASS">
          <reporter-output>
          </reporter-output>
        </test-method> <!-- setup_cv -->
        <test-method signature="display_cv()[pri:0, instance:MyCvApplication.MyCvApplication@16b2bb0c]" started-at="2025-10-19T18:09:22 IST" name="display_cv" finished-at="2025-10-19T18:09:22 IST" duration-ms="10" status="PASS">
          <reporter-output>
          </reporter-output>
        </test-method> <!-- display_cv -->
        <test-method is-config="true" signature="validate_cv()[pri:0, instance:MyCvApplication.MyCvApplication@16b2bb0c]" started-at="2025-10-19T18:09:22 IST" name="validate_cv" finished-at="2025-10-19T18:09:22 IST" duration-ms="45" status="PASS">
          <reporter-output>
          </reporter-output>
        </test-method> <!-- validate_cv -->
      </class> <!-- MyCvApplication.MyCvApplication -->
    </test> <!-- Default test -->
  </suite> <!-- Default suite -->
</testng-results>
